
> frontend@0.1.0 start
> react-scripts start

(node:82173) [DEP_WEBPACK_DEV_SERVER_ON_AFTER_SETUP_MIDDLEWARE] DeprecationWarning: 'onAfterSetupMiddleware' option is deprecated. Please use the 'setupMiddlewares' option.
(Use `node --trace-deprecation ...` to show where the warning was created)
(node:82173) [DEP_WEBPACK_DEV_SERVER_ON_BEFORE_SETUP_MIDDLEWARE] DeprecationWarning: 'onBeforeSetupMiddleware' option is deprecated. Please use the 'setupMiddlewares' option.
Starting the development server...

Compiled successfully!

You can now view frontend in the browser.

  Local:            http://localhost:3000
  On Your Network:  http://192.168.2.77:3000

Note that the development build is not optimized.
To create a production build, use npm run build.

webpack compiled successfully
Compiling...
Compiled with warnings.

[eslint] 
src/pages/AdminPage.js
  Line 21:10:  'sortColumn' is assigned a value but never used                                                                no-unused-vars
  Line 21:22:  'setSortColumn' is assigned a value but never used                                                             no-unused-vars
  Line 22:10:  'sortDirection' is assigned a value but never used                                                             no-unused-vars
  Line 22:25:  'setSortDirection' is assigned a value but never used                                                          no-unused-vars
  Line 23:10:  'selectedRows' is assigned a value but never used                                                              no-unused-vars
  Line 23:24:  'setSelectedRows' is assigned a value but never used                                                           no-unused-vars
  Line 24:10:  'bulkDeleting' is assigned a value but never used                                                              no-unused-vars
  Line 24:24:  'setBulkDeleting' is assigned a value but never used                                                           no-unused-vars
  Line 60:6:   React Hook useEffect has a missing dependency: 'loadSchema'. Either include it or remove the dependency array  react-hooks/exhaustive-deps

Search for the keywords to learn more about each warning.
To ignore, add // eslint-disable-next-line to the line before.

WARNING in [eslint] 
src/pages/AdminPage.js
  Line 21:10:  'sortColumn' is assigned a value but never used                                                                no-unused-vars
  Line 21:22:  'setSortColumn' is assigned a value but never used                                                             no-unused-vars
  Line 22:10:  'sortDirection' is assigned a value but never used                                                             no-unused-vars
  Line 22:25:  'setSortDirection' is assigned a value but never used                                                          no-unused-vars
  Line 23:10:  'selectedRows' is assigned a value but never used                                                              no-unused-vars
  Line 23:24:  'setSelectedRows' is assigned a value but never used                                                           no-unused-vars
  Line 24:10:  'bulkDeleting' is assigned a value but never used                                                              no-unused-vars
  Line 24:24:  'setBulkDeleting' is assigned a value but never used                                                           no-unused-vars
  Line 60:6:   React Hook useEffect has a missing dependency: 'loadSchema'. Either include it or remove the dependency array  react-hooks/exhaustive-deps

webpack compiled with 1 warning
Compiling...
Compiled with warnings.

[eslint] 
src/pages/AdminPage.js
  Line 24:10:  'bulkDeleting' is assigned a value but never used                                                              no-unused-vars
  Line 60:6:   React Hook useEffect has a missing dependency: 'loadSchema'. Either include it or remove the dependency array  react-hooks/exhaustive-deps
  Line 117:9:  'sortedRows' is assigned a value but never used                                                                no-unused-vars
  Line 145:9:  'handleSort' is assigned a value but never used                                                                no-unused-vars
  Line 154:9:  'toggleSelectAll' is assigned a value but never used                                                           no-unused-vars
  Line 162:9:  'toggleSelectRow' is assigned a value but never used                                                           no-unused-vars
  Line 174:9:  'handleBulkDelete' is assigned a value but never used                                                          no-unused-vars

Search for the keywords to learn more about each warning.
To ignore, add // eslint-disable-next-line to the line before.

WARNING in [eslint] 
src/pages/AdminPage.js
  Line 24:10:  'bulkDeleting' is assigned a value but never used                                                              no-unused-vars
  Line 60:6:   React Hook useEffect has a missing dependency: 'loadSchema'. Either include it or remove the dependency array  react-hooks/exhaustive-deps
  Line 117:9:  'sortedRows' is assigned a value but never used                                                                no-unused-vars
  Line 145:9:  'handleSort' is assigned a value but never used                                                                no-unused-vars
  Line 154:9:  'toggleSelectAll' is assigned a value but never used                                                           no-unused-vars
  Line 162:9:  'toggleSelectRow' is assigned a value but never used                                                           no-unused-vars
  Line 174:9:  'handleBulkDelete' is assigned a value but never used                                                          no-unused-vars

webpack compiled with 1 warning
Compiling...
Compiled with warnings.

[eslint] 
src/pages/AdminPage.js
  Line 24:10:  'bulkDeleting' is assigned a value but never used                                                              no-unused-vars
  Line 60:6:   React Hook useEffect has a missing dependency: 'loadSchema'. Either include it or remove the dependency array  react-hooks/exhaustive-deps
  Line 117:9:  'sortedRows' is assigned a value but never used                                                                no-unused-vars
  Line 145:9:  'handleSort' is assigned a value but never used                                                                no-unused-vars
  Line 154:9:  'toggleSelectAll' is assigned a value but never used                                                           no-unused-vars
  Line 162:9:  'toggleSelectRow' is assigned a value but never used                                                           no-unused-vars
  Line 174:9:  'handleBulkDelete' is assigned a value but never used                                                          no-unused-vars

Search for the keywords to learn more about each warning.
To ignore, add // eslint-disable-next-line to the line before.

WARNING in [eslint] 
src/pages/AdminPage.js
  Line 24:10:  'bulkDeleting' is assigned a value but never used                                                              no-unused-vars
  Line 60:6:   React Hook useEffect has a missing dependency: 'loadSchema'. Either include it or remove the dependency array  react-hooks/exhaustive-deps
  Line 117:9:  'sortedRows' is assigned a value but never used                                                                no-unused-vars
  Line 145:9:  'handleSort' is assigned a value but never used                                                                no-unused-vars
  Line 154:9:  'toggleSelectAll' is assigned a value but never used                                                           no-unused-vars
  Line 162:9:  'toggleSelectRow' is assigned a value but never used                                                           no-unused-vars
  Line 174:9:  'handleBulkDelete' is assigned a value but never used                                                          no-unused-vars

webpack compiled with 1 warning
Compiling...
Compiled with warnings.

[eslint] 
src/pages/AdminPage.js
  Line 60:6:  React Hook useEffect has a missing dependency: 'loadSchema'. Either include it or remove the dependency array  react-hooks/exhaustive-deps

Search for the keywords to learn more about each warning.
To ignore, add // eslint-disable-next-line to the line before.

WARNING in [eslint] 
src/pages/AdminPage.js
  Line 60:6:  React Hook useEffect has a missing dependency: 'loadSchema'. Either include it or remove the dependency array  react-hooks/exhaustive-deps

webpack compiled with 1 warning
Compiling...
Compiled with warnings.

[eslint] 
src/pages/AdminPage.js
  Line 60:6:  React Hook useEffect has a missing dependency: 'loadSchema'. Either include it or remove the dependency array  react-hooks/exhaustive-deps

Search for the keywords to learn more about each warning.
To ignore, add // eslint-disable-next-line to the line before.

WARNING in [eslint] 
src/pages/AdminPage.js
  Line 60:6:  React Hook useEffect has a missing dependency: 'loadSchema'. Either include it or remove the dependency array  react-hooks/exhaustive-deps

webpack compiled with 1 warning
Compiling...
Compiled with warnings.

[eslint] 
src/pages/AdminPage.js
  Line 60:6:  React Hook useEffect has a missing dependency: 'loadSchema'. Either include it or remove the dependency array  react-hooks/exhaustive-deps

Search for the keywords to learn more about each warning.
To ignore, add // eslint-disable-next-line to the line before.

WARNING in [eslint] 
src/pages/AdminPage.js
  Line 60:6:  React Hook useEffect has a missing dependency: 'loadSchema'. Either include it or remove the dependency array  react-hooks/exhaustive-deps

webpack compiled with 1 warning
Compiling...
Compiled with warnings.

[eslint] 
src/pages/AdminPage.js
  Line 60:6:  React Hook useEffect has a missing dependency: 'loadSchema'. Either include it or remove the dependency array  react-hooks/exhaustive-deps

Search for the keywords to learn more about each warning.
To ignore, add // eslint-disable-next-line to the line before.

WARNING in [eslint] 
src/pages/AdminPage.js
  Line 60:6:  React Hook useEffect has a missing dependency: 'loadSchema'. Either include it or remove the dependency array  react-hooks/exhaustive-deps

webpack compiled with 1 warning
Compiling...
Compiled with warnings.

[eslint] 
src/pages/AdminPage.js
  Line 60:6:  React Hook useEffect has a missing dependency: 'loadSchema'. Either include it or remove the dependency array  react-hooks/exhaustive-deps

Search for the keywords to learn more about each warning.
To ignore, add // eslint-disable-next-line to the line before.

WARNING in [eslint] 
src/pages/AdminPage.js
  Line 60:6:  React Hook useEffect has a missing dependency: 'loadSchema'. Either include it or remove the dependency array  react-hooks/exhaustive-deps

webpack compiled with 1 warning
Compiling...
Compiled with warnings.

[eslint] 
src/pages/AdminPage.js
  Line 60:6:  React Hook useEffect has a missing dependency: 'loadSchema'. Either include it or remove the dependency array  react-hooks/exhaustive-deps

src/pages/LeaguesPage.js
  Line 29:10:  'userProfile' is assigned a value but never used                                                                    no-unused-vars
  Line 32:10:  'sortColumn' is assigned a value but never used                                                                     no-unused-vars
  Line 32:22:  'setSortColumn' is assigned a value but never used                                                                  no-unused-vars
  Line 33:10:  'sortDirection' is assigned a value but never used                                                                  no-unused-vars
  Line 33:25:  'setSortDirection' is assigned a value but never used                                                               no-unused-vars
  Line 235:6:  React Hook useMemo has a missing dependency: 'leagueMatchesCity'. Either include it or remove the dependency array  react-hooks/exhaustive-deps

Search for the keywords to learn more about each warning.
To ignore, add // eslint-disable-next-line to the line before.

WARNING in [eslint] 
src/pages/AdminPage.js
  Line 60:6:  React Hook useEffect has a missing dependency: 'loadSchema'. Either include it or remove the dependency array  react-hooks/exhaustive-deps

src/pages/LeaguesPage.js
  Line 29:10:  'userProfile' is assigned a value but never used                                                                    no-unused-vars
  Line 32:10:  'sortColumn' is assigned a value but never used                                                                     no-unused-vars
  Line 32:22:  'setSortColumn' is assigned a value but never used                                                                  no-unused-vars
  Line 33:10:  'sortDirection' is assigned a value but never used                                                                  no-unused-vars
  Line 33:25:  'setSortDirection' is assigned a value but never used                                                               no-unused-vars
  Line 235:6:  React Hook useMemo has a missing dependency: 'leagueMatchesCity'. Either include it or remove the dependency array  react-hooks/exhaustive-deps

webpack compiled with 1 warning
Compiling...
Compiled with warnings.

[eslint] 
src/pages/AdminPage.js
  Line 60:6:  React Hook useEffect has a missing dependency: 'loadSchema'. Either include it or remove the dependency array  react-hooks/exhaustive-deps

src/pages/LeaguesPage.js
  Line 29:10:  'userProfile' is assigned a value but never used                                                                    no-unused-vars
  Line 235:6:  React Hook useMemo has a missing dependency: 'leagueMatchesCity'. Either include it or remove the dependency array  react-hooks/exhaustive-deps
  Line 238:9:  'handleSort' is assigned a value but never used                                                                     no-unused-vars
  Line 248:9:  'sortedVisibleLeagues' is assigned a value but never used                                                           no-unused-vars

Search for the keywords to learn more about each warning.
To ignore, add // eslint-disable-next-line to the line before.

WARNING in [eslint] 
src/pages/AdminPage.js
  Line 60:6:  React Hook useEffect has a missing dependency: 'loadSchema'. Either include it or remove the dependency array  react-hooks/exhaustive-deps

src/pages/LeaguesPage.js
  Line 29:10:  'userProfile' is assigned a value but never used                                                                    no-unused-vars
  Line 235:6:  React Hook useMemo has a missing dependency: 'leagueMatchesCity'. Either include it or remove the dependency array  react-hooks/exhaustive-deps
  Line 238:9:  'handleSort' is assigned a value but never used                                                                     no-unused-vars
  Line 248:9:  'sortedVisibleLeagues' is assigned a value but never used                                                           no-unused-vars

webpack compiled with 1 warning
Compiling...
Compiled with warnings.

[eslint] 
src/pages/AdminPage.js
  Line 60:6:  React Hook useEffect has a missing dependency: 'loadSchema'. Either include it or remove the dependency array  react-hooks/exhaustive-deps

src/pages/LeaguesPage.js
  Line 29:10:  'userProfile' is assigned a value but never used                                                                    no-unused-vars
  Line 235:6:  React Hook useMemo has a missing dependency: 'leagueMatchesCity'. Either include it or remove the dependency array  react-hooks/exhaustive-deps
  Line 248:9:  'sortedVisibleLeagues' is assigned a value but never used                                                           no-unused-vars

Search for the keywords to learn more about each warning.
To ignore, add // eslint-disable-next-line to the line before.

WARNING in [eslint] 
src/pages/AdminPage.js
  Line 60:6:  React Hook useEffect has a missing dependency: 'loadSchema'. Either include it or remove the dependency array  react-hooks/exhaustive-deps

src/pages/LeaguesPage.js
  Line 29:10:  'userProfile' is assigned a value but never used                                                                    no-unused-vars
  Line 235:6:  React Hook useMemo has a missing dependency: 'leagueMatchesCity'. Either include it or remove the dependency array  react-hooks/exhaustive-deps
  Line 248:9:  'sortedVisibleLeagues' is assigned a value but never used                                                           no-unused-vars

webpack compiled with 1 warning
Compiling...
Compiled with warnings.

[eslint] 
src/pages/AdminPage.js
  Line 60:6:  React Hook useEffect has a missing dependency: 'loadSchema'. Either include it or remove the dependency array  react-hooks/exhaustive-deps

src/pages/LeaguesPage.js
  Line 29:10:  'userProfile' is assigned a value but never used                                                                    no-unused-vars
  Line 235:6:  React Hook useMemo has a missing dependency: 'leagueMatchesCity'. Either include it or remove the dependency array  react-hooks/exhaustive-deps

Search for the keywords to learn more about each warning.
To ignore, add // eslint-disable-next-line to the line before.

WARNING in [eslint] 
src/pages/AdminPage.js
  Line 60:6:  React Hook useEffect has a missing dependency: 'loadSchema'. Either include it or remove the dependency array  react-hooks/exhaustive-deps

src/pages/LeaguesPage.js
  Line 29:10:  'userProfile' is assigned a value but never used                                                                    no-unused-vars
  Line 235:6:  React Hook useMemo has a missing dependency: 'leagueMatchesCity'. Either include it or remove the dependency array  react-hooks/exhaustive-deps

webpack compiled with 1 warning
Compiling...
Compiled with warnings.

[eslint] 
src/pages/AdminPage.js
  Line 60:6:  React Hook useEffect has a missing dependency: 'loadSchema'. Either include it or remove the dependency array  react-hooks/exhaustive-deps

src/pages/LeaguesPage.js
  Line 29:10:  'userProfile' is assigned a value but never used                                                                    no-unused-vars
  Line 235:6:  React Hook useMemo has a missing dependency: 'leagueMatchesCity'. Either include it or remove the dependency array  react-hooks/exhaustive-deps

Search for the keywords to learn more about each warning.
To ignore, add // eslint-disable-next-line to the line before.

WARNING in [eslint] 
src/pages/AdminPage.js
  Line 60:6:  React Hook useEffect has a missing dependency: 'loadSchema'. Either include it or remove the dependency array  react-hooks/exhaustive-deps

src/pages/LeaguesPage.js
  Line 29:10:  'userProfile' is assigned a value but never used                                                                    no-unused-vars
  Line 235:6:  React Hook useMemo has a missing dependency: 'leagueMatchesCity'. Either include it or remove the dependency array  react-hooks/exhaustive-deps

webpack compiled with 1 warning
Compiling...
Compiled with warnings.

[eslint] 
src/pages/AdminPage.js
  Line 60:6:  React Hook useEffect has a missing dependency: 'loadSchema'. Either include it or remove the dependency array  react-hooks/exhaustive-deps

src/pages/LeaguesPage.js
  Line 29:10:  'userProfile' is assigned a value but never used                                                                    no-unused-vars
  Line 235:6:  React Hook useMemo has a missing dependency: 'leagueMatchesCity'. Either include it or remove the dependency array  react-hooks/exhaustive-deps

Search for the keywords to learn more about each warning.
To ignore, add // eslint-disable-next-line to the line before.

WARNING in [eslint] 
src/pages/AdminPage.js
  Line 60:6:  React Hook useEffect has a missing dependency: 'loadSchema'. Either include it or remove the dependency array  react-hooks/exhaustive-deps

src/pages/LeaguesPage.js
  Line 29:10:  'userProfile' is assigned a value but never used                                                                    no-unused-vars
  Line 235:6:  React Hook useMemo has a missing dependency: 'leagueMatchesCity'. Either include it or remove the dependency array  react-hooks/exhaustive-deps

webpack compiled with 1 warning
Compiling...
Compiled with warnings.

[eslint] 
src/pages/AdminPage.js
  Line 60:6:  React Hook useEffect has a missing dependency: 'loadSchema'. Either include it or remove the dependency array  react-hooks/exhaustive-deps

src/pages/EditProfilePage.js
  Line 10:10:  'user' is assigned a value but never used  no-unused-vars

src/pages/LeaguesPage.js
  Line 29:10:  'userProfile' is assigned a value but never used                                                                    no-unused-vars
  Line 235:6:  React Hook useMemo has a missing dependency: 'leagueMatchesCity'. Either include it or remove the dependency array  react-hooks/exhaustive-deps

src/pages/StartPage.js
  Line 28:10:   'leagues' is assigned a value but never used                                                                                                                                                                                                                                                                                                                       no-unused-vars
  Line 38:10:   'openMatches' is assigned a value but never used                                                                                                                                                                                                                                                                                                                   no-unused-vars
  Line 38:23:   'setOpenMatches' is assigned a value but never used                                                                                                                                                                                                                                                                                                                no-unused-vars
  Line 39:21:   'setSearching' is assigned a value but never used                                                                                                                                                                                                                                                                                                                  no-unused-vars
  Line 42:10:   'gpsLoading' is assigned a value but never used                                                                                                                                                                                                                                                                                                                    no-unused-vars
  Line 352:23:  'Name' is assigned a value but never used                                                                                                                                                                                                                                                                                                                          no-unused-vars
  Line 420:23:  'Name' is assigned a value but never used                                                                                                                                                                                                                                                                                                                          no-unused-vars
  Line 622:27:  'initialsFor' is assigned a value but never used                                                                                                                                                                                                                                                                                                                   no-unused-vars
  Line 749:19:  The href attribute requires a valid value to be accessible. Provide a valid, navigable address as the href value. If you cannot provide a valid href, but still need the element to resemble a link, use a button and change it with appropriate styles. Learn more: https://github.com/jsx-eslint/eslint-plugin-jsx-a11y/blob/HEAD/docs/rules/anchor-is-valid.md  jsx-a11y/anchor-is-valid
  Line 750:19:  The href attribute requires a valid value to be accessible. Provide a valid, navigable address as the href value. If you cannot provide a valid href, but still need the element to resemble a link, use a button and change it with appropriate styles. Learn more: https://github.com/jsx-eslint/eslint-plugin-jsx-a11y/blob/HEAD/docs/rules/anchor-is-valid.md  jsx-a11y/anchor-is-valid

Search for the keywords to learn more about each warning.
To ignore, add // eslint-disable-next-line to the line before.

WARNING in [eslint] 
src/pages/AdminPage.js
  Line 60:6:  React Hook useEffect has a missing dependency: 'loadSchema'. Either include it or remove the dependency array  react-hooks/exhaustive-deps

src/pages/EditProfilePage.js
  Line 10:10:  'user' is assigned a value but never used  no-unused-vars

src/pages/LeaguesPage.js
  Line 29:10:  'userProfile' is assigned a value but never used                                                                    no-unused-vars
  Line 235:6:  React Hook useMemo has a missing dependency: 'leagueMatchesCity'. Either include it or remove the dependency array  react-hooks/exhaustive-deps

src/pages/StartPage.js
  Line 28:10:   'leagues' is assigned a value but never used                                                                                                                                                                                                                                                                                                                       no-unused-vars
  Line 38:10:   'openMatches' is assigned a value but never used                                                                                                                                                                                                                                                                                                                   no-unused-vars
  Line 38:23:   'setOpenMatches' is assigned a value but never used                                                                                                                                                                                                                                                                                                                no-unused-vars
  Line 39:21:   'setSearching' is assigned a value but never used                                                                                                                                                                                                                                                                                                                  no-unused-vars
  Line 42:10:   'gpsLoading' is assigned a value but never used                                                                                                                                                                                                                                                                                                                    no-unused-vars
  Line 352:23:  'Name' is assigned a value but never used                                                                                                                                                                                                                                                                                                                          no-unused-vars
  Line 420:23:  'Name' is assigned a value but never used                                                                                                                                                                                                                                                                                                                          no-unused-vars
  Line 622:27:  'initialsFor' is assigned a value but never used                                                                                                                                                                                                                                                                                                                   no-unused-vars
  Line 749:19:  The href attribute requires a valid value to be accessible. Provide a valid, navigable address as the href value. If you cannot provide a valid href, but still need the element to resemble a link, use a button and change it with appropriate styles. Learn more: https://github.com/jsx-eslint/eslint-plugin-jsx-a11y/blob/HEAD/docs/rules/anchor-is-valid.md  jsx-a11y/anchor-is-valid
  Line 750:19:  The href attribute requires a valid value to be accessible. Provide a valid, navigable address as the href value. If you cannot provide a valid href, but still need the element to resemble a link, use a button and change it with appropriate styles. Learn more: https://github.com/jsx-eslint/eslint-plugin-jsx-a11y/blob/HEAD/docs/rules/anchor-is-valid.md  jsx-a11y/anchor-is-valid

webpack compiled with 1 warning
