
> frontend@0.1.0 start
> react-scripts start

(node:41593) [DEP_WEBPACK_DEV_SERVER_ON_AFTER_SETUP_MIDDLEWARE] DeprecationWarning: 'onAfterSetupMiddleware' option is deprecated. Please use the 'setupMiddlewares' option.
(Use `node --trace-deprecation ...` to show where the warning was created)
(node:41593) [DEP_WEBPACK_DEV_SERVER_ON_BEFORE_SETUP_MIDDLEWARE] DeprecationWarning: 'onBeforeSetupMiddleware' option is deprecated. Please use the 'setupMiddlewares' option.
Starting the development server...

Compiled with warnings.

[eslint] 
src/pages/EditProfilePage.js
  Line 10:10:  'user' is assigned a value but never used  no-unused-vars

Search for the keywords to learn more about each warning.
To ignore, add // eslint-disable-next-line to the line before.

WARNING in [eslint] 
src/pages/EditProfilePage.js
  Line 10:10:  'user' is assigned a value but never used  no-unused-vars

webpack compiled with 1 warning
Compiling...
Compiled with warnings.

[eslint] 
src/pages/EditProfilePage.js
  Line 10:10:  'user' is assigned a value but never used  no-unused-vars

Search for the keywords to learn more about each warning.
To ignore, add // eslint-disable-next-line to the line before.

WARNING in [eslint] 
src/pages/EditProfilePage.js
  Line 10:10:  'user' is assigned a value but never used  no-unused-vars

webpack compiled with 1 warning
Compiling...
Compiled with warnings.

[eslint] 
src/pages/EditProfilePage.js
  Line 10:10:  'user' is assigned a value but never used  no-unused-vars

Search for the keywords to learn more about each warning.
To ignore, add // eslint-disable-next-line to the line before.

WARNING in [eslint] 
src/pages/EditProfilePage.js
  Line 10:10:  'user' is assigned a value but never used  no-unused-vars

webpack compiled with 1 warning
Compiling...
Compiled with warnings.

[eslint] 
src/pages/EditProfilePage.js
  Line 10:10:  'user' is assigned a value but never used  no-unused-vars

Search for the keywords to learn more about each warning.
To ignore, add // eslint-disable-next-line to the line before.

WARNING in [eslint] 
src/pages/EditProfilePage.js
  Line 10:10:  'user' is assigned a value but never used  no-unused-vars

webpack compiled with 1 warning
Compiling...
Failed to compile.

[eslint] 
src/components/LocationSelector.js
  Line 25:7:     'setSelectedCountryId' is not defined  no-undef
  Line 26:7:     'setSelectedStateId' is not defined    no-undef
  Line 27:7:     'setSelectedCityId' is not defined     no-undef
  Line 39:11:    'setSelectedCityId' is not defined     no-undef
  Line 41:13:    'setSelectedCountryId' is not defined  no-undef
  Line 44:13:    'setSelectedStateId' is not defined    no-undef
  Line 52:13:    'setSelectedCountryId' is not defined  no-undef
  Line 55:13:    'setSelectedStateId' is not defined    no-undef
  Line 131:69:   'selectedCountryId' is not defined     no-undef
  Line 139:17:   'selectedCountryId' is not defined     no-undef
  Line 154:128:  'selectedCountryId' is not defined     no-undef
  Line 157:23:   'setSelectedCountryId' is not defined  no-undef
  Line 158:23:   'setSelectedStateId' is not defined    no-undef
  Line 159:23:   'setSelectedCityId' is not defined     no-undef
  Line 162:23:   'setSelectedCountryId' is not defined  no-undef
  Line 163:23:   'setSelectedStateId' is not defined    no-undef
  Line 164:23:   'setSelectedCityId' is not defined     no-undef
  Line 190:71:   'selectedStateId' is not defined       no-undef
  Line 200:29:   'setSelectedStateId' is not defined    no-undef
  Line 201:29:   'setSelectedCityId' is not defined     no-undef
  Line 203:29:   'setSelectedStateId' is not defined    no-undef
  Line 204:29:   'setSelectedCityId' is not defined     no-undef
  Line 231:75:   'selectedCityId' is not defined        no-undef
  Line 244:35:   'setSelectedCityId' is not defined     no-undef
  Line 247:35:   'setSelectedCityId' is not defined     no-undef
  Line 332:69:   'selectedCityId' is not defined        no-undef
  Line 344:31:   'setSelectedCityId' is not defined     no-undef
  Line 346:31:   'setSelectedCityId' is not defined     no-undef

Search for the keywords to learn more about each error.
WARNING in [eslint] 
src/components/LocationSelector.js
  Line 18:10:  'expandedCountries' is assigned a value but never used     no-unused-vars
  Line 18:29:  'setExpandedCountries' is assigned a value but never used  no-unused-vars
  Line 19:10:  'expandedStates' is assigned a value but never used        no-unused-vars
  Line 19:26:  'setExpandedStates' is assigned a value but never used     no-unused-vars
  Line 20:10:  'expandedCities' is assigned a value but never used        no-unused-vars
  Line 20:26:  'setExpandedCities' is assigned a value but never used     no-unused-vars

src/pages/EditProfilePage.js
  Line 10:10:  'user' is assigned a value but never used  no-unused-vars

ERROR in [eslint] 
src/components/LocationSelector.js
  Line 25:7:     'setSelectedCountryId' is not defined  no-undef
  Line 26:7:     'setSelectedStateId' is not defined    no-undef
  Line 27:7:     'setSelectedCityId' is not defined     no-undef
  Line 39:11:    'setSelectedCityId' is not defined     no-undef
  Line 41:13:    'setSelectedCountryId' is not defined  no-undef
  Line 44:13:    'setSelectedStateId' is not defined    no-undef
  Line 52:13:    'setSelectedCountryId' is not defined  no-undef
  Line 55:13:    'setSelectedStateId' is not defined    no-undef
  Line 131:69:   'selectedCountryId' is not defined     no-undef
  Line 139:17:   'selectedCountryId' is not defined     no-undef
  Line 154:128:  'selectedCountryId' is not defined     no-undef
  Line 157:23:   'setSelectedCountryId' is not defined  no-undef
  Line 158:23:   'setSelectedStateId' is not defined    no-undef
  Line 159:23:   'setSelectedCityId' is not defined     no-undef
  Line 162:23:   'setSelectedCountryId' is not defined  no-undef
  Line 163:23:   'setSelectedStateId' is not defined    no-undef
  Line 164:23:   'setSelectedCityId' is not defined     no-undef
  Line 190:71:   'selectedStateId' is not defined       no-undef
  Line 200:29:   'setSelectedStateId' is not defined    no-undef
  Line 201:29:   'setSelectedCityId' is not defined     no-undef
  Line 203:29:   'setSelectedStateId' is not defined    no-undef
  Line 204:29:   'setSelectedCityId' is not defined     no-undef
  Line 231:75:   'selectedCityId' is not defined        no-undef
  Line 244:35:   'setSelectedCityId' is not defined     no-undef
  Line 247:35:   'setSelectedCityId' is not defined     no-undef
  Line 332:69:   'selectedCityId' is not defined        no-undef
  Line 344:31:   'setSelectedCityId' is not defined     no-undef
  Line 346:31:   'setSelectedCityId' is not defined     no-undef

Search for the keywords to learn more about each error.

webpack compiled with 1 error and 1 warning
Compiling...
Failed to compile.

[eslint] 
src/components/LocationSelector.js
  Line 100:69:   'selectedCountryId' is not defined     no-undef
  Line 108:17:   'selectedCountryId' is not defined     no-undef
  Line 123:128:  'selectedCountryId' is not defined     no-undef
  Line 126:23:   'setSelectedCountryId' is not defined  no-undef
  Line 127:23:   'setSelectedStateId' is not defined    no-undef
  Line 128:23:   'setSelectedCityId' is not defined     no-undef
  Line 131:23:   'setSelectedCountryId' is not defined  no-undef
  Line 132:23:   'setSelectedStateId' is not defined    no-undef
  Line 133:23:   'setSelectedCityId' is not defined     no-undef
  Line 159:71:   'selectedStateId' is not defined       no-undef
  Line 169:29:   'setSelectedStateId' is not defined    no-undef
  Line 170:29:   'setSelectedCityId' is not defined     no-undef
  Line 172:29:   'setSelectedStateId' is not defined    no-undef
  Line 173:29:   'setSelectedCityId' is not defined     no-undef
  Line 200:75:   'selectedCityId' is not defined        no-undef
  Line 213:35:   'setSelectedCityId' is not defined     no-undef
  Line 216:35:   'setSelectedCityId' is not defined     no-undef
  Line 301:69:   'selectedCityId' is not defined        no-undef
  Line 313:31:   'setSelectedCityId' is not defined     no-undef
  Line 315:31:   'setSelectedCityId' is not defined     no-undef

Search for the keywords to learn more about each error.
WARNING in [eslint] 
src/components/LocationSelector.js
  Line 18:10:  'expandedCountries' is assigned a value but never used  no-unused-vars
  Line 19:10:  'expandedStates' is assigned a value but never used     no-unused-vars
  Line 20:10:  'expandedCities' is assigned a value but never used     no-unused-vars

src/pages/EditProfilePage.js
  Line 10:10:  'user' is assigned a value but never used  no-unused-vars

ERROR in [eslint] 
src/components/LocationSelector.js
  Line 100:69:   'selectedCountryId' is not defined     no-undef
  Line 108:17:   'selectedCountryId' is not defined     no-undef
  Line 123:128:  'selectedCountryId' is not defined     no-undef
  Line 126:23:   'setSelectedCountryId' is not defined  no-undef
  Line 127:23:   'setSelectedStateId' is not defined    no-undef
  Line 128:23:   'setSelectedCityId' is not defined     no-undef
  Line 131:23:   'setSelectedCountryId' is not defined  no-undef
  Line 132:23:   'setSelectedStateId' is not defined    no-undef
  Line 133:23:   'setSelectedCityId' is not defined     no-undef
  Line 159:71:   'selectedStateId' is not defined       no-undef
  Line 169:29:   'setSelectedStateId' is not defined    no-undef
  Line 170:29:   'setSelectedCityId' is not defined     no-undef
  Line 172:29:   'setSelectedStateId' is not defined    no-undef
  Line 173:29:   'setSelectedCityId' is not defined     no-undef
  Line 200:75:   'selectedCityId' is not defined        no-undef
  Line 213:35:   'setSelectedCityId' is not defined     no-undef
  Line 216:35:   'setSelectedCityId' is not defined     no-undef
  Line 301:69:   'selectedCityId' is not defined        no-undef
  Line 313:31:   'setSelectedCityId' is not defined     no-undef
  Line 315:31:   'setSelectedCityId' is not defined     no-undef

Search for the keywords to learn more about each error.

webpack compiled with 1 error and 1 warning
Compiling...
Failed to compile.

[eslint] 
src/components/LocationSelector.js
  Line 129:12:   'sortedCountries' is not defined       no-undef
  Line 130:69:   'selectedCountryId' is not defined     no-undef
  Line 138:17:   'selectedCountryId' is not defined     no-undef
  Line 153:128:  'selectedCountryId' is not defined     no-undef
  Line 156:23:   'setSelectedCountryId' is not defined  no-undef
  Line 157:23:   'setSelectedStateId' is not defined    no-undef
  Line 158:23:   'setSelectedCityId' is not defined     no-undef
  Line 161:23:   'setSelectedCountryId' is not defined  no-undef
  Line 162:23:   'setSelectedStateId' is not defined    no-undef
  Line 163:23:   'setSelectedCityId' is not defined     no-undef
  Line 189:71:   'selectedStateId' is not defined       no-undef
  Line 199:29:   'setSelectedStateId' is not defined    no-undef
  Line 200:29:   'setSelectedCityId' is not defined     no-undef
  Line 202:29:   'setSelectedStateId' is not defined    no-undef
  Line 203:29:   'setSelectedCityId' is not defined     no-undef
  Line 230:75:   'selectedCityId' is not defined        no-undef
  Line 243:35:   'setSelectedCityId' is not defined     no-undef
  Line 246:35:   'setSelectedCityId' is not defined     no-undef
  Line 253:35:   'handleCitySelect' is not defined      no-undef
  Line 292:35:   'handleDistrictSelect' is not defined  no-undef
  Line 331:69:   'selectedCityId' is not defined        no-undef
  Line 343:31:   'setSelectedCityId' is not defined     no-undef
  Line 345:31:   'setSelectedCityId' is not defined     no-undef
  Line 348:29:   'handleCitySelect' is not defined      no-undef
  Line 387:29:   'handleDistrictSelect' is not defined  no-undef

Search for the keywords to learn more about each error.
WARNING in [eslint] 
src/components/LocationSelector.js
  Line 31:9:  'toggleCountry' is assigned a value but never used   no-unused-vars
  Line 41:9:  'toggleState' is assigned a value but never used     no-unused-vars
  Line 51:9:  'toggleCity' is assigned a value but never used      no-unused-vars
  Line 64:9:  'selectCity' is assigned a value but never used      no-unused-vars
  Line 71:9:  'selectDistrict' is assigned a value but never used  no-unused-vars

src/pages/EditProfilePage.js
  Line 10:10:  'user' is assigned a value but never used  no-unused-vars

ERROR in [eslint] 
src/components/LocationSelector.js
  Line 129:12:   'sortedCountries' is not defined       no-undef
  Line 130:69:   'selectedCountryId' is not defined     no-undef
  Line 138:17:   'selectedCountryId' is not defined     no-undef
  Line 153:128:  'selectedCountryId' is not defined     no-undef
  Line 156:23:   'setSelectedCountryId' is not defined  no-undef
  Line 157:23:   'setSelectedStateId' is not defined    no-undef
  Line 158:23:   'setSelectedCityId' is not defined     no-undef
  Line 161:23:   'setSelectedCountryId' is not defined  no-undef
  Line 162:23:   'setSelectedStateId' is not defined    no-undef
  Line 163:23:   'setSelectedCityId' is not defined     no-undef
  Line 189:71:   'selectedStateId' is not defined       no-undef
  Line 199:29:   'setSelectedStateId' is not defined    no-undef
  Line 200:29:   'setSelectedCityId' is not defined     no-undef
  Line 202:29:   'setSelectedStateId' is not defined    no-undef
  Line 203:29:   'setSelectedCityId' is not defined     no-undef
  Line 230:75:   'selectedCityId' is not defined        no-undef
  Line 243:35:   'setSelectedCityId' is not defined     no-undef
  Line 246:35:   'setSelectedCityId' is not defined     no-undef
  Line 253:35:   'handleCitySelect' is not defined      no-undef
  Line 292:35:   'handleDistrictSelect' is not defined  no-undef
  Line 331:69:   'selectedCityId' is not defined        no-undef
  Line 343:31:   'setSelectedCityId' is not defined     no-undef
  Line 345:31:   'setSelectedCityId' is not defined     no-undef
  Line 348:29:   'handleCitySelect' is not defined      no-undef
  Line 387:29:   'handleDistrictSelect' is not defined  no-undef

Search for the keywords to learn more about each error.

webpack compiled with 1 error and 1 warning
Compiling...
Compiled with warnings.

[eslint] 
src/pages/EditProfilePage.js
  Line 10:10:  'user' is assigned a value but never used  no-unused-vars

Search for the keywords to learn more about each warning.
To ignore, add // eslint-disable-next-line to the line before.

WARNING in [eslint] 
src/pages/EditProfilePage.js
  Line 10:10:  'user' is assigned a value but never used  no-unused-vars

webpack compiled with 1 warning
Compiling...
Compiled with warnings.

[eslint] 
src/pages/EditProfilePage.js
  Line 10:10:  'user' is assigned a value but never used  no-unused-vars

Search for the keywords to learn more about each warning.
To ignore, add // eslint-disable-next-line to the line before.

WARNING in [eslint] 
src/pages/EditProfilePage.js
  Line 10:10:  'user' is assigned a value but never used  no-unused-vars

webpack compiled with 1 warning
Compiling...
Compiled with warnings.

[eslint] 
src/pages/EditProfilePage.js
  Line 10:10:  'user' is assigned a value but never used  no-unused-vars

Search for the keywords to learn more about each warning.
To ignore, add // eslint-disable-next-line to the line before.

WARNING in [eslint] 
src/pages/EditProfilePage.js
  Line 10:10:  'user' is assigned a value but never used  no-unused-vars

webpack compiled with 1 warning
Compiling...
Compiled with warnings.

[eslint] 
src/pages/EditProfilePage.js
  Line 10:10:  'user' is assigned a value but never used  no-unused-vars

src/pages/StartPage.js
  Line 28:10:   'leagues' is assigned a value but never used                                                                                                                                                                                                                                                                                                                       no-unused-vars
  Line 38:10:   'openMatches' is assigned a value but never used                                                                                                                                                                                                                                                                                                                   no-unused-vars
  Line 38:23:   'setOpenMatches' is assigned a value but never used                                                                                                                                                                                                                                                                                                                no-unused-vars
  Line 39:21:   'setSearching' is assigned a value but never used                                                                                                                                                                                                                                                                                                                  no-unused-vars
  Line 42:10:   'gpsLoading' is assigned a value but never used                                                                                                                                                                                                                                                                                                                    no-unused-vars
  Line 348:23:  'Name' is assigned a value but never used                                                                                                                                                                                                                                                                                                                          no-unused-vars
  Line 416:23:  'Name' is assigned a value but never used                                                                                                                                                                                                                                                                                                                          no-unused-vars
  Line 618:27:  'initialsFor' is assigned a value but never used                                                                                                                                                                                                                                                                                                                   no-unused-vars
  Line 745:19:  The href attribute requires a valid value to be accessible. Provide a valid, navigable address as the href value. If you cannot provide a valid href, but still need the element to resemble a link, use a button and change it with appropriate styles. Learn more: https://github.com/jsx-eslint/eslint-plugin-jsx-a11y/blob/HEAD/docs/rules/anchor-is-valid.md  jsx-a11y/anchor-is-valid
  Line 746:19:  The href attribute requires a valid value to be accessible. Provide a valid, navigable address as the href value. If you cannot provide a valid href, but still need the element to resemble a link, use a button and change it with appropriate styles. Learn more: https://github.com/jsx-eslint/eslint-plugin-jsx-a11y/blob/HEAD/docs/rules/anchor-is-valid.md  jsx-a11y/anchor-is-valid

Search for the keywords to learn more about each warning.
To ignore, add // eslint-disable-next-line to the line before.

WARNING in [eslint] 
src/pages/EditProfilePage.js
  Line 10:10:  'user' is assigned a value but never used  no-unused-vars

src/pages/StartPage.js
  Line 28:10:   'leagues' is assigned a value but never used                                                                                                                                                                                                                                                                                                                       no-unused-vars
  Line 38:10:   'openMatches' is assigned a value but never used                                                                                                                                                                                                                                                                                                                   no-unused-vars
  Line 38:23:   'setOpenMatches' is assigned a value but never used                                                                                                                                                                                                                                                                                                                no-unused-vars
  Line 39:21:   'setSearching' is assigned a value but never used                                                                                                                                                                                                                                                                                                                  no-unused-vars
  Line 42:10:   'gpsLoading' is assigned a value but never used                                                                                                                                                                                                                                                                                                                    no-unused-vars
  Line 348:23:  'Name' is assigned a value but never used                                                                                                                                                                                                                                                                                                                          no-unused-vars
  Line 416:23:  'Name' is assigned a value but never used                                                                                                                                                                                                                                                                                                                          no-unused-vars
  Line 618:27:  'initialsFor' is assigned a value but never used                                                                                                                                                                                                                                                                                                                   no-unused-vars
  Line 745:19:  The href attribute requires a valid value to be accessible. Provide a valid, navigable address as the href value. If you cannot provide a valid href, but still need the element to resemble a link, use a button and change it with appropriate styles. Learn more: https://github.com/jsx-eslint/eslint-plugin-jsx-a11y/blob/HEAD/docs/rules/anchor-is-valid.md  jsx-a11y/anchor-is-valid
  Line 746:19:  The href attribute requires a valid value to be accessible. Provide a valid, navigable address as the href value. If you cannot provide a valid href, but still need the element to resemble a link, use a button and change it with appropriate styles. Learn more: https://github.com/jsx-eslint/eslint-plugin-jsx-a11y/blob/HEAD/docs/rules/anchor-is-valid.md  jsx-a11y/anchor-is-valid

webpack compiled with 1 warning
Compiling...
Compiled with warnings.

[eslint] 
src/pages/EditProfilePage.js
  Line 10:10:  'user' is assigned a value but never used  no-unused-vars

src/pages/StartPage.js
  Line 28:10:   'leagues' is assigned a value but never used                                                                                                                                                                                                                                                                                                                       no-unused-vars
  Line 38:10:   'openMatches' is assigned a value but never used                                                                                                                                                                                                                                                                                                                   no-unused-vars
  Line 38:23:   'setOpenMatches' is assigned a value but never used                                                                                                                                                                                                                                                                                                                no-unused-vars
  Line 39:21:   'setSearching' is assigned a value but never used                                                                                                                                                                                                                                                                                                                  no-unused-vars
  Line 42:10:   'gpsLoading' is assigned a value but never used                                                                                                                                                                                                                                                                                                                    no-unused-vars
  Line 352:23:  'Name' is assigned a value but never used                                                                                                                                                                                                                                                                                                                          no-unused-vars
  Line 420:23:  'Name' is assigned a value but never used                                                                                                                                                                                                                                                                                                                          no-unused-vars
  Line 622:27:  'initialsFor' is assigned a value but never used                                                                                                                                                                                                                                                                                                                   no-unused-vars
  Line 749:19:  The href attribute requires a valid value to be accessible. Provide a valid, navigable address as the href value. If you cannot provide a valid href, but still need the element to resemble a link, use a button and change it with appropriate styles. Learn more: https://github.com/jsx-eslint/eslint-plugin-jsx-a11y/blob/HEAD/docs/rules/anchor-is-valid.md  jsx-a11y/anchor-is-valid
  Line 750:19:  The href attribute requires a valid value to be accessible. Provide a valid, navigable address as the href value. If you cannot provide a valid href, but still need the element to resemble a link, use a button and change it with appropriate styles. Learn more: https://github.com/jsx-eslint/eslint-plugin-jsx-a11y/blob/HEAD/docs/rules/anchor-is-valid.md  jsx-a11y/anchor-is-valid

Search for the keywords to learn more about each warning.
To ignore, add // eslint-disable-next-line to the line before.

WARNING in [eslint] 
src/pages/EditProfilePage.js
  Line 10:10:  'user' is assigned a value but never used  no-unused-vars

src/pages/StartPage.js
  Line 28:10:   'leagues' is assigned a value but never used                                                                                                                                                                                                                                                                                                                       no-unused-vars
  Line 38:10:   'openMatches' is assigned a value but never used                                                                                                                                                                                                                                                                                                                   no-unused-vars
  Line 38:23:   'setOpenMatches' is assigned a value but never used                                                                                                                                                                                                                                                                                                                no-unused-vars
  Line 39:21:   'setSearching' is assigned a value but never used                                                                                                                                                                                                                                                                                                                  no-unused-vars
  Line 42:10:   'gpsLoading' is assigned a value but never used                                                                                                                                                                                                                                                                                                                    no-unused-vars
  Line 352:23:  'Name' is assigned a value but never used                                                                                                                                                                                                                                                                                                                          no-unused-vars
  Line 420:23:  'Name' is assigned a value but never used                                                                                                                                                                                                                                                                                                                          no-unused-vars
  Line 622:27:  'initialsFor' is assigned a value but never used                                                                                                                                                                                                                                                                                                                   no-unused-vars
  Line 749:19:  The href attribute requires a valid value to be accessible. Provide a valid, navigable address as the href value. If you cannot provide a valid href, but still need the element to resemble a link, use a button and change it with appropriate styles. Learn more: https://github.com/jsx-eslint/eslint-plugin-jsx-a11y/blob/HEAD/docs/rules/anchor-is-valid.md  jsx-a11y/anchor-is-valid
  Line 750:19:  The href attribute requires a valid value to be accessible. Provide a valid, navigable address as the href value. If you cannot provide a valid href, but still need the element to resemble a link, use a button and change it with appropriate styles. Learn more: https://github.com/jsx-eslint/eslint-plugin-jsx-a11y/blob/HEAD/docs/rules/anchor-is-valid.md  jsx-a11y/anchor-is-valid

webpack compiled with 1 warning
Compiling...
Compiled with warnings.

[eslint] 
src/pages/EditProfilePage.js
  Line 10:10:  'user' is assigned a value but never used  no-unused-vars

src/pages/StartPage.js
  Line 28:10:   'leagues' is assigned a value but never used                                                                                                                                                                                                                                                                                                                       no-unused-vars
  Line 38:10:   'openMatches' is assigned a value but never used                                                                                                                                                                                                                                                                                                                   no-unused-vars
  Line 38:23:   'setOpenMatches' is assigned a value but never used                                                                                                                                                                                                                                                                                                                no-unused-vars
  Line 39:21:   'setSearching' is assigned a value but never used                                                                                                                                                                                                                                                                                                                  no-unused-vars
  Line 42:10:   'gpsLoading' is assigned a value but never used                                                                                                                                                                                                                                                                                                                    no-unused-vars
  Line 352:23:  'Name' is assigned a value but never used                                                                                                                                                                                                                                                                                                                          no-unused-vars
  Line 420:23:  'Name' is assigned a value but never used                                                                                                                                                                                                                                                                                                                          no-unused-vars
  Line 622:27:  'initialsFor' is assigned a value but never used                                                                                                                                                                                                                                                                                                                   no-unused-vars
  Line 749:19:  The href attribute requires a valid value to be accessible. Provide a valid, navigable address as the href value. If you cannot provide a valid href, but still need the element to resemble a link, use a button and change it with appropriate styles. Learn more: https://github.com/jsx-eslint/eslint-plugin-jsx-a11y/blob/HEAD/docs/rules/anchor-is-valid.md  jsx-a11y/anchor-is-valid
  Line 750:19:  The href attribute requires a valid value to be accessible. Provide a valid, navigable address as the href value. If you cannot provide a valid href, but still need the element to resemble a link, use a button and change it with appropriate styles. Learn more: https://github.com/jsx-eslint/eslint-plugin-jsx-a11y/blob/HEAD/docs/rules/anchor-is-valid.md  jsx-a11y/anchor-is-valid

Search for the keywords to learn more about each warning.
To ignore, add // eslint-disable-next-line to the line before.

WARNING in [eslint] 
src/pages/EditProfilePage.js
  Line 10:10:  'user' is assigned a value but never used  no-unused-vars

src/pages/StartPage.js
  Line 28:10:   'leagues' is assigned a value but never used                                                                                                                                                                                                                                                                                                                       no-unused-vars
  Line 38:10:   'openMatches' is assigned a value but never used                                                                                                                                                                                                                                                                                                                   no-unused-vars
  Line 38:23:   'setOpenMatches' is assigned a value but never used                                                                                                                                                                                                                                                                                                                no-unused-vars
  Line 39:21:   'setSearching' is assigned a value but never used                                                                                                                                                                                                                                                                                                                  no-unused-vars
  Line 42:10:   'gpsLoading' is assigned a value but never used                                                                                                                                                                                                                                                                                                                    no-unused-vars
  Line 352:23:  'Name' is assigned a value but never used                                                                                                                                                                                                                                                                                                                          no-unused-vars
  Line 420:23:  'Name' is assigned a value but never used                                                                                                                                                                                                                                                                                                                          no-unused-vars
  Line 622:27:  'initialsFor' is assigned a value but never used                                                                                                                                                                                                                                                                                                                   no-unused-vars
  Line 749:19:  The href attribute requires a valid value to be accessible. Provide a valid, navigable address as the href value. If you cannot provide a valid href, but still need the element to resemble a link, use a button and change it with appropriate styles. Learn more: https://github.com/jsx-eslint/eslint-plugin-jsx-a11y/blob/HEAD/docs/rules/anchor-is-valid.md  jsx-a11y/anchor-is-valid
  Line 750:19:  The href attribute requires a valid value to be accessible. Provide a valid, navigable address as the href value. If you cannot provide a valid href, but still need the element to resemble a link, use a button and change it with appropriate styles. Learn more: https://github.com/jsx-eslint/eslint-plugin-jsx-a11y/blob/HEAD/docs/rules/anchor-is-valid.md  jsx-a11y/anchor-is-valid

webpack compiled with 1 warning
Compiling...
Compiled with warnings.

[eslint] 
src/pages/EditProfilePage.js
  Line 10:10:  'user' is assigned a value but never used  no-unused-vars

src/pages/StartPage.js
  Line 28:10:   'leagues' is assigned a value but never used                                                                                                                                                                                                                                                                                                                       no-unused-vars
  Line 38:10:   'openMatches' is assigned a value but never used                                                                                                                                                                                                                                                                                                                   no-unused-vars
  Line 38:23:   'setOpenMatches' is assigned a value but never used                                                                                                                                                                                                                                                                                                                no-unused-vars
  Line 39:21:   'setSearching' is assigned a value but never used                                                                                                                                                                                                                                                                                                                  no-unused-vars
  Line 42:10:   'gpsLoading' is assigned a value but never used                                                                                                                                                                                                                                                                                                                    no-unused-vars
  Line 352:23:  'Name' is assigned a value but never used                                                                                                                                                                                                                                                                                                                          no-unused-vars
  Line 420:23:  'Name' is assigned a value but never used                                                                                                                                                                                                                                                                                                                          no-unused-vars
  Line 622:27:  'initialsFor' is assigned a value but never used                                                                                                                                                                                                                                                                                                                   no-unused-vars
  Line 749:19:  The href attribute requires a valid value to be accessible. Provide a valid, navigable address as the href value. If you cannot provide a valid href, but still need the element to resemble a link, use a button and change it with appropriate styles. Learn more: https://github.com/jsx-eslint/eslint-plugin-jsx-a11y/blob/HEAD/docs/rules/anchor-is-valid.md  jsx-a11y/anchor-is-valid
  Line 750:19:  The href attribute requires a valid value to be accessible. Provide a valid, navigable address as the href value. If you cannot provide a valid href, but still need the element to resemble a link, use a button and change it with appropriate styles. Learn more: https://github.com/jsx-eslint/eslint-plugin-jsx-a11y/blob/HEAD/docs/rules/anchor-is-valid.md  jsx-a11y/anchor-is-valid

Search for the keywords to learn more about each warning.
To ignore, add // eslint-disable-next-line to the line before.

WARNING in [eslint] 
src/pages/EditProfilePage.js
  Line 10:10:  'user' is assigned a value but never used  no-unused-vars

src/pages/StartPage.js
  Line 28:10:   'leagues' is assigned a value but never used                                                                                                                                                                                                                                                                                                                       no-unused-vars
  Line 38:10:   'openMatches' is assigned a value but never used                                                                                                                                                                                                                                                                                                                   no-unused-vars
  Line 38:23:   'setOpenMatches' is assigned a value but never used                                                                                                                                                                                                                                                                                                                no-unused-vars
  Line 39:21:   'setSearching' is assigned a value but never used                                                                                                                                                                                                                                                                                                                  no-unused-vars
  Line 42:10:   'gpsLoading' is assigned a value but never used                                                                                                                                                                                                                                                                                                                    no-unused-vars
  Line 352:23:  'Name' is assigned a value but never used                                                                                                                                                                                                                                                                                                                          no-unused-vars
  Line 420:23:  'Name' is assigned a value but never used                                                                                                                                                                                                                                                                                                                          no-unused-vars
  Line 622:27:  'initialsFor' is assigned a value but never used                                                                                                                                                                                                                                                                                                                   no-unused-vars
  Line 749:19:  The href attribute requires a valid value to be accessible. Provide a valid, navigable address as the href value. If you cannot provide a valid href, but still need the element to resemble a link, use a button and change it with appropriate styles. Learn more: https://github.com/jsx-eslint/eslint-plugin-jsx-a11y/blob/HEAD/docs/rules/anchor-is-valid.md  jsx-a11y/anchor-is-valid
  Line 750:19:  The href attribute requires a valid value to be accessible. Provide a valid, navigable address as the href value. If you cannot provide a valid href, but still need the element to resemble a link, use a button and change it with appropriate styles. Learn more: https://github.com/jsx-eslint/eslint-plugin-jsx-a11y/blob/HEAD/docs/rules/anchor-is-valid.md  jsx-a11y/anchor-is-valid

webpack compiled with 1 warning
Compiling...
Compiled with warnings.

[eslint] 
src/pages/EditProfilePage.js
  Line 10:10:  'user' is assigned a value but never used  no-unused-vars

src/pages/StartPage.js
  Line 28:10:   'leagues' is assigned a value but never used                                                                                                                                                                                                                                                                                                                       no-unused-vars
  Line 38:10:   'openMatches' is assigned a value but never used                                                                                                                                                                                                                                                                                                                   no-unused-vars
  Line 38:23:   'setOpenMatches' is assigned a value but never used                                                                                                                                                                                                                                                                                                                no-unused-vars
  Line 39:21:   'setSearching' is assigned a value but never used                                                                                                                                                                                                                                                                                                                  no-unused-vars
  Line 42:10:   'gpsLoading' is assigned a value but never used                                                                                                                                                                                                                                                                                                                    no-unused-vars
  Line 352:23:  'Name' is assigned a value but never used                                                                                                                                                                                                                                                                                                                          no-unused-vars
  Line 420:23:  'Name' is assigned a value but never used                                                                                                                                                                                                                                                                                                                          no-unused-vars
  Line 622:27:  'initialsFor' is assigned a value but never used                                                                                                                                                                                                                                                                                                                   no-unused-vars
  Line 749:19:  The href attribute requires a valid value to be accessible. Provide a valid, navigable address as the href value. If you cannot provide a valid href, but still need the element to resemble a link, use a button and change it with appropriate styles. Learn more: https://github.com/jsx-eslint/eslint-plugin-jsx-a11y/blob/HEAD/docs/rules/anchor-is-valid.md  jsx-a11y/anchor-is-valid
  Line 750:19:  The href attribute requires a valid value to be accessible. Provide a valid, navigable address as the href value. If you cannot provide a valid href, but still need the element to resemble a link, use a button and change it with appropriate styles. Learn more: https://github.com/jsx-eslint/eslint-plugin-jsx-a11y/blob/HEAD/docs/rules/anchor-is-valid.md  jsx-a11y/anchor-is-valid

Search for the keywords to learn more about each warning.
To ignore, add // eslint-disable-next-line to the line before.

WARNING in [eslint] 
src/pages/EditProfilePage.js
  Line 10:10:  'user' is assigned a value but never used  no-unused-vars

src/pages/StartPage.js
  Line 28:10:   'leagues' is assigned a value but never used                                                                                                                                                                                                                                                                                                                       no-unused-vars
  Line 38:10:   'openMatches' is assigned a value but never used                                                                                                                                                                                                                                                                                                                   no-unused-vars
  Line 38:23:   'setOpenMatches' is assigned a value but never used                                                                                                                                                                                                                                                                                                                no-unused-vars
  Line 39:21:   'setSearching' is assigned a value but never used                                                                                                                                                                                                                                                                                                                  no-unused-vars
  Line 42:10:   'gpsLoading' is assigned a value but never used                                                                                                                                                                                                                                                                                                                    no-unused-vars
  Line 352:23:  'Name' is assigned a value but never used                                                                                                                                                                                                                                                                                                                          no-unused-vars
  Line 420:23:  'Name' is assigned a value but never used                                                                                                                                                                                                                                                                                                                          no-unused-vars
  Line 622:27:  'initialsFor' is assigned a value but never used                                                                                                                                                                                                                                                                                                                   no-unused-vars
  Line 749:19:  The href attribute requires a valid value to be accessible. Provide a valid, navigable address as the href value. If you cannot provide a valid href, but still need the element to resemble a link, use a button and change it with appropriate styles. Learn more: https://github.com/jsx-eslint/eslint-plugin-jsx-a11y/blob/HEAD/docs/rules/anchor-is-valid.md  jsx-a11y/anchor-is-valid
  Line 750:19:  The href attribute requires a valid value to be accessible. Provide a valid, navigable address as the href value. If you cannot provide a valid href, but still need the element to resemble a link, use a button and change it with appropriate styles. Learn more: https://github.com/jsx-eslint/eslint-plugin-jsx-a11y/blob/HEAD/docs/rules/anchor-is-valid.md  jsx-a11y/anchor-is-valid

webpack compiled with 1 warning
