[DB] SQLite file: ./sportplattform.db
[DB] Migrations dir: /Users/A105227786/Documents/projects/sL/pTght/backend/migrations
[DB] Adapter knex not available, using ./db fallback
[DB] knexfile instance created, filename: ./sportplattform.db
[Mailer] Transport konfiguriert smtps.udag.de:465 secure=true
[Mailer] Verifiziere SMTP-Verbindung ...
[DEBUG] resolvedKnexForRoutes summary: {
  hasResolved: true,
  isFunction: true,
  hasClient: true,
  source: 'knexDirect'
}
[INFO] 2025-09-21T23:20:01.832Z [Server] Listening on http://localhost:5001 {}
[Server] Logs directory: /Users/A105227786/Documents/projects/sL/pTght/backend/logs (error.log, info.log, link-tests.log)
🛠️ Admin erstellt: admin294 (admin294@example.com) / Passwort: test1234
[INFO] 2025-09-21T23:20:01.928Z Starting automated link tests {
  endpoints: [
    '/',
    '/leagues',
    '/leagues/1',
    '/leagues/1/games',
    '/leagues/1/members',
    '/leagues/1/standings',
    '/sports',
    '/sports/7/leagues',
    '/me',
    '/me/leagues',
    '/me/games'
  ]
}
[INFO] 2025-09-21T23:20:01.954Z Link test result { endpoint: '/', ok: true, status: 200 }
[GET /leagues] source[0] dbFile=./sportplattform.db rows=35
[GET /leagues] source[1] dbFile=./sportplattform.db rows=35
[GET /leagues] returning merged rows=35 (sources=2)
[INFO] 2025-09-21T23:20:01.959Z Link test result { endpoint: '/leagues', ok: true, status: 200 }
[INFO] 2025-09-21T23:20:01.963Z Link test result { endpoint: '/leagues/1', ok: true, status: 200 }
[INFO] 2025-09-21T23:20:01.966Z Link test result { endpoint: '/leagues/1/games', ok: true, status: 200 }
[INFO] 2025-09-21T23:20:01.970Z Link test result { endpoint: '/leagues/1/members', ok: true, status: 200 }
[INFO] 2025-09-21T23:20:01.973Z Link test result { endpoint: '/leagues/1/standings', ok: true, status: 200 }
[INFO] 2025-09-21T23:20:01.974Z Link test result { endpoint: '/sports', ok: true, status: 200 }
Community-Ligen synchronisiert.
[INFO] 2025-09-21T23:20:01.976Z Link test result { endpoint: '/sports/7/leagues', ok: true, status: 200 }
[INFO] 2025-09-21T23:20:01.979Z Link test result { endpoint: '/me', ok: false, status: 401 }
[INFO] 2025-09-21T23:20:01.982Z Link test result { endpoint: '/me/leagues', ok: false, status: 401 }
[INFO] 2025-09-21T23:20:01.982Z Link test result { endpoint: '/me/games', ok: false, status: 401 }
[INFO] 2025-09-21T23:20:01.984Z Automated link tests finished {
  summary: [
    { ep: '/', ok: true, status: 200 },
    { ep: '/leagues', ok: true, status: 200 },
    { ep: '/leagues/1', ok: true, status: 200 },
    { ep: '/leagues/1/games', ok: true, status: 200 },
    { ep: '/leagues/1/members', ok: true, status: 200 },
    { ep: '/leagues/1/standings', ok: true, status: 200 },
    { ep: '/sports', ok: true, status: 200 },
    { ep: '/sports/7/leagues', ok: true, status: 200 },
    { ep: '/me', ok: false, status: 401 },
    { ep: '/me/leagues', ok: false, status: 401 },
    { ep: '/me/games', ok: false, status: 401 }
  ]
}
[LINK-TEST] All tested endpoints responded OK (or expected non-OK like 401/404).
[Mailer] Verify OK in 810ms. Sende Acceptance-Mail ...
📧 Acceptance-Mail gesendet: <cefe3460-305f-0fd5-e56a-6b82d666c428@matchleague.org>
[GET /leagues] source[0] dbFile=./sportplattform.db rows=35
[GET /leagues] source[1] dbFile=./sportplattform.db rows=35
[GET /leagues] returning merged rows=35 (sources=2)
[GET /leagues] source[0] dbFile=./sportplattform.db rows=35
[GET /leagues] source[1] dbFile=./sportplattform.db rows=35
[GET /leagues] returning merged rows=35 (sources=2)
[GET /leagues] source[0] dbFile=./sportplattform.db rows=35
[GET /leagues] source[1] dbFile=./sportplattform.db rows=35
[GET /leagues] returning merged rows=35 (sources=2)
[GET /leagues] source[0] dbFile=./sportplattform.db rows=35
[GET /leagues] source[1] dbFile=./sportplattform.db rows=35
[GET /leagues] returning merged rows=35 (sources=2)
[GET /leagues] source[0] dbFile=./sportplattform.db rows=35
[GET /leagues] source[1] dbFile=./sportplattform.db rows=35
[GET /leagues] returning merged rows=35 (sources=2)
[GET /leagues] source[0] dbFile=./sportplattform.db rows=35
[GET /leagues] source[1] dbFile=./sportplattform.db rows=35
[GET /leagues] returning merged rows=35 (sources=2)
[GET /leagues] source[0] dbFile=./sportplattform.db rows=35
[GET /leagues] source[1] dbFile=./sportplattform.db rows=35
[GET /leagues] returning merged rows=35 (sources=2)
[GET /leagues] source[0] dbFile=./sportplattform.db rows=35
[GET /leagues] source[1] dbFile=./sportplattform.db rows=35
[GET /leagues] returning merged rows=35 (sources=2)
