[DB] SQLite file: ./sportplattform.db
[DB] Migrations dir: /Users/A105227786/Documents/projects/sL/pTght/backend/migrations
[DB] Adapter knex not available, using ./db fallback
[DB] knexfile instance created, filename: ./sportplattform.db
[Mailer] Transport konfiguriert smtps.udag.de:465 secure=true
[Mailer] Verifiziere SMTP-Verbindung ...
[INFO] 2025-09-20T01:35:53.564Z [Server] Listening on http://localhost:5003 {}
[Server] Logs directory: /Users/A105227786/Documents/projects/sL/pTght/backend/logs (error.log, info.log, link-tests.log)
🛠️ Admin erstellt: admin260 (admin260@example.com) / Passwort: test1234
[INFO] 2025-09-20T01:35:53.827Z Starting automated link tests {
  endpoints: [
    '/',
    '/leagues',
    '/leagues/1',
    '/leagues/1/games',
    '/leagues/1/members',
    '/leagues/1/standings',
    '/sports',
    '/sports/7/leagues',
    '/me',
    '/me/leagues',
    '/me/games'
  ]
}
[INFO] 2025-09-20T01:35:53.907Z Link test result { endpoint: '/', ok: true, status: 200 }
[GET /leagues] source[0] dbFile=./sportplattform.db rows=35
[GET /leagues] source[1] dbFile=./sportplattform.db rows=35
[GET /leagues] returning merged rows=35 (sources=2)
[INFO] 2025-09-20T01:35:53.917Z Link test result { endpoint: '/leagues', ok: true, status: 200 }
[INFO] 2025-09-20T01:35:53.920Z Link test result { endpoint: '/leagues/1', ok: true, status: 200 }
[INFO] 2025-09-20T01:35:53.923Z Link test result { endpoint: '/leagues/1/games', ok: true, status: 200 }
[INFO] 2025-09-20T01:35:53.926Z Link test result { endpoint: '/leagues/1/members', ok: true, status: 200 }
[INFO] 2025-09-20T01:35:53.929Z Link test result { endpoint: '/leagues/1/standings', ok: true, status: 200 }
[INFO] 2025-09-20T01:35:53.931Z Link test result { endpoint: '/sports', ok: true, status: 200 }
[INFO] 2025-09-20T01:35:53.932Z Link test result { endpoint: '/sports/7/leagues', ok: true, status: 200 }
[INFO] 2025-09-20T01:35:53.936Z Link test result { endpoint: '/me', ok: false, status: 401 }
[INFO] 2025-09-20T01:35:53.938Z Link test result { endpoint: '/me/leagues', ok: false, status: 401 }
Community-Ligen synchronisiert.
[INFO] 2025-09-20T01:35:53.940Z Link test result { endpoint: '/me/games', ok: false, status: 401 }
[INFO] 2025-09-20T01:35:53.943Z Automated link tests finished {
  summary: [
    { ep: '/', ok: true, status: 200 },
    { ep: '/leagues', ok: true, status: 200 },
    { ep: '/leagues/1', ok: true, status: 200 },
    { ep: '/leagues/1/games', ok: true, status: 200 },
    { ep: '/leagues/1/members', ok: true, status: 200 },
    { ep: '/leagues/1/standings', ok: true, status: 200 },
    { ep: '/sports', ok: true, status: 200 },
    { ep: '/sports/7/leagues', ok: true, status: 200 },
    { ep: '/me', ok: false, status: 401 },
    { ep: '/me/leagues', ok: false, status: 401 },
    { ep: '/me/games', ok: false, status: 401 }
  ]
}
[LINK-TEST] All tested endpoints responded OK (or expected non-OK like 401/404).
[Mailer] Verify OK in 570ms. Sende Acceptance-Mail ...
📧 Acceptance-Mail gesendet: <34053d0f-92c1-1128-b2c2-fa84af6fa24a@matchleague.org>
