
> prestart
> knex --knexfile knexfile.js migrate:latest

Already up to date

> start
> PORT=5001 node server.js

[DB] SQLITE_FILE not set; using sportsplatform.db
[INFO] 2025-10-14T18:38:33.862Z [DB] SQLite detected – ensured base tables via db-setup.js {}
[DB] SQLite file: /Users/A105227786/Documents/projects/sL/pTght/backend/sportsplatform.db
[DB] Migrations dir: /Users/A105227786/Documents/projects/sL/pTght/backend/migrations
[2025-10-14 18:38:33] DEBUG Creating transport: nodemailer (7.0.6; +https://nodemailer.com/; SMTP/7.0.6[client:7.0.6])
[Mailer] Transport konfiguriert smtp.hostinger.com:465 secure=true
[ERROR] 2025-10-14T18:38:34.011Z Error: listen EADDRINUSE: address already in use :::5001
    at Server.setupListenHandle [as _listen2] (node:net:1940:16)
    at listenInCluster (node:net:1997:12)
    at Server.listen (node:net:2102:7)
    at Function.listen (/Users/A105227786/Documents/projects/sL/pTght/backend/node_modules/express/lib/application.js:635:24)
    at Object.<anonymous> (/Users/A105227786/Documents/projects/sL/pTght/backend/server.js:1006:20)
    at Module._compile (node:internal/modules/cjs/loader:1688:14)
    at Object..js (node:internal/modules/cjs/loader:1820:10)
    at Module.load (node:internal/modules/cjs/loader:1423:32)
    at Function._load (node:internal/modules/cjs/loader:1246:12)
    at TracingChannel.traceSync (node:diagnostics_channel:322:14) { origin: 'uncaughtException' }
🛠️ Admin erstellt: admin50 (admin50@example.com) / Passwort: test1234
